(0XA): ///////
(0X20)  : //////////////////////////////////////////////////
(0X21) !: /
(0X22) ": //
(0X23) #: /
(0X24) $: /
(0X25) %: /
(0X26) &: /
(0X27) ': /
(0X28) (: /
(0X29) ): /
(0X2A) *: /
(0X2C) ,: ////
(0X2D) -: //
(0X2E) .: ///
(0X2F) /: /
(0X30) 0: /
(0X31) 1: /
(0X32) 2: /
(0X33) 3: /
(0X34) 4: /
(0X35) 5: /
(0X36) 6: /
(0X37) 7: /
(0X38) 8: /
(0X39) 9: /
(0X3A) :: /
(0X3B) ;: /
(0X3F) ?: /
(0X40) @: /
(0X41) A: //
(0X42) B: /
(0X43) C: /
(0X44) D: /
(0X45) E: /
(0X46) F: /
(0X47) G: /
(0X48) H: /
(0X49) I: //
(0X4A) J: /
(0X4B) K: /
(0X4C) L: /
(0X4D) M: /
(0X4E) N: /
(0X4F) O: /
(0X50) P: /
(0X51) Q: /
(0X52) R: /
(0X53) S: /
(0X54) T: /
(0X55) U: /
(0X56) V: /
(0X57) W: /
(0X58) X: /
(0X59) Y: /
(0X5B) [: /
(0X5D) ]: /
(0X5F) _: /
(0X61) a: /////////////////
(0X62) b: ////
(0X63) c: ///////
(0X64) d: /////////
(0X65) e: ////////////////////////////
(0X66) f: //////
(0X67) g: /////
(0X68) h: /////////////
(0X69) i: ///////////////
(0X6A) j: /
(0X6B) k: //
(0X6C) l: //////////
(0X6D) m: //////
(0X6E) n: ///////////////
(0X6F) o: //////////////////
(0X70) p: /////
(0X71) q: /
(0X72) r: //////////////
(0X73) s: /////////////
(0X74) t: //////////////////////
(0X75) u: ///////
(0X76) v: //
(0X77) w: //////
(0X78) x: /
(0X79) y: /////
(0X7A) z: /
